<?xml version="1.0" encoding="UTF-8"?>
<!-- Generated by org.testng.reporters.JUnitReportReporter -->
<testsuite hostname="DESKTOP-2L70A79" failures="0" tests="1" name="annotations.TestClass" time="0.009" errors="0" timestamp="2024-10-16T13:12:08 IST" skipped="0">
  <testcase classname="annotations.TestClass" name="demo" time="0.009"/>
  <system-out/>
</testsuite> <!-- annotations.TestClass -->
