<?xml version="1.0" encoding="UTF-8"?>
<!-- Generated by org.testng.reporters.JUnitReportReporter -->
<testsuite hostname="DESKTOP-2L70A79" failures="0" tests="1" name="groupExecution.Test2" time="0.001" errors="0" timestamp="2024-10-17T12:52:18 IST" skipped="0">
  <testcase classname="groupExecution.Test2" name="demo1" time="0.001"/>
  <system-out/>
</testsuite> <!-- groupExecution.Test2 -->
