<?xml version="1.0" encoding="UTF-8"?>
<!-- Generated by org.testng.reporters.JUnitReportReporter -->
<testsuite hostname="DESKTOP-2L70A79" failures="0" tests="3" name="crossBrowserParallel.Test1" time="3.696" errors="0" timestamp="2024-10-18T15:55:16 IST" skipped="0">
  <testcase classname="crossBrowserParallel.Test1" name="googleTest" time="1.199"/>
  <system-out/>
  <testcase classname="crossBrowserParallel.Test1" name="googleTest" time="1.401"/>
  <system-out/>
  <testcase classname="crossBrowserParallel.Test1" name="googleTest" time="1.096"/>
  <system-out/>
</testsuite> <!-- crossBrowserParallel.Test1 -->
