<?xml version="1.0" encoding="UTF-8"?>
<!-- Generated by org.testng.reporters.JUnitReportReporter -->
<testsuite hostname="DESKTOP-2L70A79" failures="0" tests="1" name="skillraryDemoApp.AddCategoryTest" time="3.734" errors="0" timestamp="2024-10-16T13:50:36 IST" skipped="0">
  <testcase classname="skillraryDemoApp.AddCategoryTest" name="createCategoryTest" time="3.734"/>
  <system-out/>
</testsuite> <!-- skillraryDemoApp.AddCategoryTest -->
