<?xml version="1.0" encoding="UTF-8"?>
<!-- Generated by org.testng.reporters.JUnitReportReporter -->
<testsuite hostname="DESKTOP-2L70A79" failures="0" tests="3" name="crossBrowserParallel.Test2" time="2.862" errors="0" timestamp="2024-10-18T15:55:16 IST" skipped="0">
  <testcase classname="crossBrowserParallel.Test2" name="seleniumTest" time="1.088"/>
  <system-out/>
  <testcase classname="crossBrowserParallel.Test2" name="seleniumTest" time="0.869"/>
  <system-out/>
  <testcase classname="crossBrowserParallel.Test2" name="seleniumTest" time="0.905"/>
  <system-out/>
</testsuite> <!-- crossBrowserParallel.Test2 -->
