<?xml version="1.0" encoding="UTF-8"?>
<!-- Generated by org.testng.reporters.JUnitReportReporter -->
<testsuite hostname="DESKTOP-2L70A79" failures="0" tests="5" name="testng.PrioritizeTest" time="0.011" errors="0" timestamp="2024-10-17T12:27:06 IST" skipped="0">
  <testcase classname="testng.PrioritizeTest" name="demo3" time="0.001"/>
  <system-out>
    <![CDATA[demo3]]>
  </system-out>
  <testcase classname="testng.PrioritizeTest" name="demo1" time="0.003"/>
  <system-out>
    <![CDATA[demo1]]>
  </system-out>
  <testcase classname="testng.PrioritizeTest" name="demo2" time="0.002"/>
  <system-out>
    <![CDATA[demo2]]>
  </system-out>
  <testcase classname="testng.PrioritizeTest" name="demo5" time="0.003"/>
  <system-out>
    <![CDATA[demo5]]>
  </system-out>
  <testcase classname="testng.PrioritizeTest" name="demo4" time="0.002"/>
  <system-out>
    <![CDATA[demo4]]>
  </system-out>
</testsuite> <!-- testng.PrioritizeTest -->
