<?xml version="1.0" encoding="UTF-8"?>
<!-- Generated by org.testng.reporters.JUnitReportReporter -->
<testsuite hostname="DESKTOP-2L70A79" failures="0" tests="3" name="testng.DataProviderTest" time="0.005" errors="0" timestamp="2024-10-17T12:27:06 IST" skipped="0">
  <testcase classname="testng.DataProviderTest" name="bookTicket" time="0.003"/>
  <system-out/>
  <testcase classname="testng.DataProviderTest" name="bookTicket" time="0.001"/>
  <system-out/>
  <testcase classname="testng.DataProviderTest" name="bookTicket" time="0.001"/>
  <system-out/>
</testsuite> <!-- testng.DataProviderTest -->
