<?xml version="1.0" encoding="UTF-8"?>
<!-- Generated by org.testng.reporters.JUnitReportReporter -->
<testsuite hostname="DESKTOP-2L70A79" failures="0" tests="2" name="testng.DependsOnMethodsTest" time="27.661" errors="0" timestamp="2024-10-17T12:27:06 IST" skipped="0">
  <testcase classname="testng.DependsOnMethodsTest" name="navigateTest" time="3.061"/>
  <system-out/>
  <testcase classname="testng.DependsOnMethodsTest" name="loginTest" time="24.600"/>
  <system-out/>
</testsuite> <!-- testng.DependsOnMethodsTest -->
